<?xml version="1.0" encoding="utf-8"?><testsuites><testsuite name="pytest" errors="0" failures="0" skipped="5" tests="32" time="11.404" timestamp="2023-02-11T15:36:15.040965" hostname="node0.askagarw-147340.advosuwmadison-pg0.wisc.cloudlab.us"><testcase classname="test_unreliablefs" name="test_unlink" time="0.126" /><testcase classname="test_unreliablefs" name="test_mkdir" time="0.124" /><testcase classname="test_unreliablefs" name="test_rmdir" time="0.126" /><testcase classname="test_unreliablefs" name="test_symlink" time="0.125" /><testcase classname="test_unreliablefs" name="test_create" time="0.126" /><testcase classname="test_unreliablefs" name="test_chown" time="1.127"><skipped type="pytest.xfail" message="gh-39" /></testcase><testcase classname="test_unreliablefs" name="test_open_read" time="0.126" /><testcase classname="test_unreliablefs" name="test_open_write" time="0.126" /><testcase classname="test_unreliablefs" name="test_append" time="0.127" /><testcase classname="test_unreliablefs" name="test_seek" time="0.126" /><testcase classname="test_unreliablefs" name="test_open_unlink" time="0.127" /><testcase classname="test_unreliablefs" name="test_open_gh_14" time="0.125" /><testcase classname="test_unreliablefs" name="test_statvfs" time="0.125" /><testcase classname="test_unreliablefs" name="test_link" time="0.126" /><testcase classname="test_unreliablefs" name="test_readdir" time="0.124" /><testcase classname="test_unreliablefs" name="test_readdir_big" time="0.182" /><testcase classname="test_unreliablefs" name="test_truncate_path" time="0.125" /><testcase classname="test_unreliablefs" name="test_truncate_fd" time="0.127" /><testcase classname="test_unreliablefs" name="test_passthrough" time="0.126" /><testcase classname="test_unreliablefs" name="test_listxattr[False]" time="0.126" /><testcase classname="test_unreliablefs" name="test_listxattr[True]" time="0.126" /><testcase classname="test_unreliablefs" name="test_getxattr[False]" time="0.126" /><testcase classname="test_unreliablefs" name="test_getxattr[True]" time="1.129"><skipped type="pytest.xfail" message="gh-50" /></testcase><testcase classname="test_unreliablefs" name="test_setxattr[False]" time="0.127" /><testcase classname="test_unreliablefs" name="test_setxattr[True]" time="0.126" /><testcase classname="test_unreliablefs" name="test_removexattr[True]" time="1.129"><skipped type="pytest.xfail" message="gh-50" /></testcase><testcase classname="test_unreliablefs" name="test_removexattr[False]" time="1.129"><skipped type="pytest.xfail" message="gh-50" /></testcase><testcase classname="test_unreliablefs" name="test_flock" time="0.126" /><testcase classname="test_unreliablefs" name="test_utimens[False]" time="0.127" /><testcase classname="test_unreliablefs" name="test_utimens[True]" time="0.127" /><testcase classname="test_unreliablefs" name="test_fsx" time="2.173" /><testcase classname="test_unreliablefs" name="test_fio" time="1.130"><skipped type="pytest.skip" message="fio is required to execute testcase">/users/askagarw/unreliablefs/unreliablefs/tests/test_unreliablefs.py:574: fio is required to execute testcase</skipped></testcase></testsuite></testsuites>